Created by PLY version 3.11 (http://www.dabeaz.com/ply)

Grammar

Rule 0     S' -> statements
Rule 1     statements -> statements statement
Rule 2     statements -> statement
Rule 3     statements -> expression
Rule 4     statement -> NAME EQUALS expression
Rule 5     statement -> CONSTANT expression
Rule 6     statement -> DEF NAME PARENL NAME PARENR DO statements END
Rule 7     statement -> IF expression DO statements END
Rule 8     statement -> IF expression DO statements ELSE statements END
Rule 9     statement -> FOR NAME FOREXPR NAME DO statements END
Rule 10    expression -> expression PLUS expression
Rule 11    expression -> expression MINUS expression
Rule 12    expression -> expression TIMES expression
Rule 13    expression -> expression DIVIDE expression
Rule 14    expression -> expression GREATER expression
Rule 15    expression -> expression LESS expression
Rule 16    expression -> expression GREATEQ expression
Rule 17    expression -> expression LESSEQ expression
Rule 18    expression -> expression AND expression
Rule 19    expression -> expression OR expression
Rule 20    expression -> MINUS expression
Rule 21    expression -> PARENL expression PARENR
Rule 22    expression -> INT
Rule 23    expression -> DOUBLE
Rule 24    expression -> CHAR
Rule 25    expression -> TRUE
Rule 26    expression -> FALSE
Rule 27    expression -> STRING
Rule 28    expression -> NAME

Terminals, with rules where they appear

AND                  : 18
CHAR                 : 24
CONSTANT             : 5
DEF                  : 6
DIVIDE               : 13
DO                   : 6 7 8 9
DOUBLE               : 23
ELSE                 : 8
END                  : 6 7 8 9
EQUALS               : 4
FALSE                : 26
FOR                  : 9
FOREXPR              : 9
GREATEQ              : 16
GREATER              : 14
IF                   : 7 8
INT                  : 22
LESS                 : 15
LESSEQ               : 17
MINUS                : 11 20
NAME                 : 4 6 6 9 9 28
OR                   : 19
PARENL               : 6 21
PARENR               : 6 21
PLUS                 : 10
STRING               : 27
TIMES                : 12
TRUE                 : 25
error                : 

Nonterminals, with rules where they appear

expression           : 3 4 5 7 8 10 10 11 11 12 12 13 13 14 14 15 15 16 16 17 17 18 18 19 19 20 21
statement            : 1 2
statements           : 1 6 7 8 8 9 0

Parsing method: LALR

state 0

    (0) S' -> . statements
    (1) statements -> . statements statement
    (2) statements -> . statement
    (3) statements -> . expression
    (4) statement -> . NAME EQUALS expression
    (5) statement -> . CONSTANT expression
    (6) statement -> . DEF NAME PARENL NAME PARENR DO statements END
    (7) statement -> . IF expression DO statements END
    (8) statement -> . IF expression DO statements ELSE statements END
    (9) statement -> . FOR NAME FOREXPR NAME DO statements END
    (10) expression -> . expression PLUS expression
    (11) expression -> . expression MINUS expression
    (12) expression -> . expression TIMES expression
    (13) expression -> . expression DIVIDE expression
    (14) expression -> . expression GREATER expression
    (15) expression -> . expression LESS expression
    (16) expression -> . expression GREATEQ expression
    (17) expression -> . expression LESSEQ expression
    (18) expression -> . expression AND expression
    (19) expression -> . expression OR expression
    (20) expression -> . MINUS expression
    (21) expression -> . PARENL expression PARENR
    (22) expression -> . INT
    (23) expression -> . DOUBLE
    (24) expression -> . CHAR
    (25) expression -> . TRUE
    (26) expression -> . FALSE
    (27) expression -> . STRING
    (28) expression -> . NAME

    NAME            shift and go to state 13
    CONSTANT        shift and go to state 1
    DEF             shift and go to state 6
    IF              shift and go to state 9
    FOR             shift and go to state 10
    MINUS           shift and go to state 5
    PARENL          shift and go to state 11
    INT             shift and go to state 14
    DOUBLE          shift and go to state 15
    CHAR            shift and go to state 2
    TRUE            shift and go to state 4
    FALSE           shift and go to state 12
    STRING          shift and go to state 7

    expression                     shift and go to state 16
    statements                     shift and go to state 3
    statement                      shift and go to state 8

state 1

    (5) statement -> CONSTANT . expression
    (10) expression -> . expression PLUS expression
    (11) expression -> . expression MINUS expression
    (12) expression -> . expression TIMES expression
    (13) expression -> . expression DIVIDE expression
    (14) expression -> . expression GREATER expression
    (15) expression -> . expression LESS expression
    (16) expression -> . expression GREATEQ expression
    (17) expression -> . expression LESSEQ expression
    (18) expression -> . expression AND expression
    (19) expression -> . expression OR expression
    (20) expression -> . MINUS expression
    (21) expression -> . PARENL expression PARENR
    (22) expression -> . INT
    (23) expression -> . DOUBLE
    (24) expression -> . CHAR
    (25) expression -> . TRUE
    (26) expression -> . FALSE
    (27) expression -> . STRING
    (28) expression -> . NAME

    MINUS           shift and go to state 5
    PARENL          shift and go to state 11
    INT             shift and go to state 14
    DOUBLE          shift and go to state 15
    CHAR            shift and go to state 2
    TRUE            shift and go to state 4
    FALSE           shift and go to state 12
    STRING          shift and go to state 7
    NAME            shift and go to state 17

    expression                     shift and go to state 18

state 2

    (24) expression -> CHAR .

    PLUS            reduce using rule 24 (expression -> CHAR .)
    MINUS           reduce using rule 24 (expression -> CHAR .)
    TIMES           reduce using rule 24 (expression -> CHAR .)
    DIVIDE          reduce using rule 24 (expression -> CHAR .)
    GREATER         reduce using rule 24 (expression -> CHAR .)
    LESS            reduce using rule 24 (expression -> CHAR .)
    GREATEQ         reduce using rule 24 (expression -> CHAR .)
    LESSEQ          reduce using rule 24 (expression -> CHAR .)
    AND             reduce using rule 24 (expression -> CHAR .)
    OR              reduce using rule 24 (expression -> CHAR .)
    NAME            reduce using rule 24 (expression -> CHAR .)
    CONSTANT        reduce using rule 24 (expression -> CHAR .)
    DEF             reduce using rule 24 (expression -> CHAR .)
    IF              reduce using rule 24 (expression -> CHAR .)
    FOR             reduce using rule 24 (expression -> CHAR .)
    $end            reduce using rule 24 (expression -> CHAR .)
    END             reduce using rule 24 (expression -> CHAR .)
    ELSE            reduce using rule 24 (expression -> CHAR .)
    DO              reduce using rule 24 (expression -> CHAR .)
    PARENR          reduce using rule 24 (expression -> CHAR .)


state 3

    (0) S' -> statements .
    (1) statements -> statements . statement
    (4) statement -> . NAME EQUALS expression
    (5) statement -> . CONSTANT expression
    (6) statement -> . DEF NAME PARENL NAME PARENR DO statements END
    (7) statement -> . IF expression DO statements END
    (8) statement -> . IF expression DO statements ELSE statements END
    (9) statement -> . FOR NAME FOREXPR NAME DO statements END

    NAME            shift and go to state 19
    CONSTANT        shift and go to state 1
    DEF             shift and go to state 6
    IF              shift and go to state 9
    FOR             shift and go to state 10

    statement                      shift and go to state 20

state 4

    (25) expression -> TRUE .

    PLUS            reduce using rule 25 (expression -> TRUE .)
    MINUS           reduce using rule 25 (expression -> TRUE .)
    TIMES           reduce using rule 25 (expression -> TRUE .)
    DIVIDE          reduce using rule 25 (expression -> TRUE .)
    GREATER         reduce using rule 25 (expression -> TRUE .)
    LESS            reduce using rule 25 (expression -> TRUE .)
    GREATEQ         reduce using rule 25 (expression -> TRUE .)
    LESSEQ          reduce using rule 25 (expression -> TRUE .)
    AND             reduce using rule 25 (expression -> TRUE .)
    OR              reduce using rule 25 (expression -> TRUE .)
    NAME            reduce using rule 25 (expression -> TRUE .)
    CONSTANT        reduce using rule 25 (expression -> TRUE .)
    DEF             reduce using rule 25 (expression -> TRUE .)
    IF              reduce using rule 25 (expression -> TRUE .)
    FOR             reduce using rule 25 (expression -> TRUE .)
    $end            reduce using rule 25 (expression -> TRUE .)
    END             reduce using rule 25 (expression -> TRUE .)
    ELSE            reduce using rule 25 (expression -> TRUE .)
    DO              reduce using rule 25 (expression -> TRUE .)
    PARENR          reduce using rule 25 (expression -> TRUE .)


state 5

    (20) expression -> MINUS . expression
    (10) expression -> . expression PLUS expression
    (11) expression -> . expression MINUS expression
    (12) expression -> . expression TIMES expression
    (13) expression -> . expression DIVIDE expression
    (14) expression -> . expression GREATER expression
    (15) expression -> . expression LESS expression
    (16) expression -> . expression GREATEQ expression
    (17) expression -> . expression LESSEQ expression
    (18) expression -> . expression AND expression
    (19) expression -> . expression OR expression
    (20) expression -> . MINUS expression
    (21) expression -> . PARENL expression PARENR
    (22) expression -> . INT
    (23) expression -> . DOUBLE
    (24) expression -> . CHAR
    (25) expression -> . TRUE
    (26) expression -> . FALSE
    (27) expression -> . STRING
    (28) expression -> . NAME

    MINUS           shift and go to state 5
    PARENL          shift and go to state 11
    INT             shift and go to state 14
    DOUBLE          shift and go to state 15
    CHAR            shift and go to state 2
    TRUE            shift and go to state 4
    FALSE           shift and go to state 12
    STRING          shift and go to state 7
    NAME            shift and go to state 17

    expression                     shift and go to state 21

state 6

    (6) statement -> DEF . NAME PARENL NAME PARENR DO statements END

    NAME            shift and go to state 22


state 7

    (27) expression -> STRING .

    PLUS            reduce using rule 27 (expression -> STRING .)
    MINUS           reduce using rule 27 (expression -> STRING .)
    TIMES           reduce using rule 27 (expression -> STRING .)
    DIVIDE          reduce using rule 27 (expression -> STRING .)
    GREATER         reduce using rule 27 (expression -> STRING .)
    LESS            reduce using rule 27 (expression -> STRING .)
    GREATEQ         reduce using rule 27 (expression -> STRING .)
    LESSEQ          reduce using rule 27 (expression -> STRING .)
    AND             reduce using rule 27 (expression -> STRING .)
    OR              reduce using rule 27 (expression -> STRING .)
    NAME            reduce using rule 27 (expression -> STRING .)
    CONSTANT        reduce using rule 27 (expression -> STRING .)
    DEF             reduce using rule 27 (expression -> STRING .)
    IF              reduce using rule 27 (expression -> STRING .)
    FOR             reduce using rule 27 (expression -> STRING .)
    $end            reduce using rule 27 (expression -> STRING .)
    END             reduce using rule 27 (expression -> STRING .)
    ELSE            reduce using rule 27 (expression -> STRING .)
    DO              reduce using rule 27 (expression -> STRING .)
    PARENR          reduce using rule 27 (expression -> STRING .)


state 8

    (2) statements -> statement .

    END             reduce using rule 2 (statements -> statement .)
    NAME            reduce using rule 2 (statements -> statement .)
    CONSTANT        reduce using rule 2 (statements -> statement .)
    DEF             reduce using rule 2 (statements -> statement .)
    IF              reduce using rule 2 (statements -> statement .)
    FOR             reduce using rule 2 (statements -> statement .)
    $end            reduce using rule 2 (statements -> statement .)
    ELSE            reduce using rule 2 (statements -> statement .)


state 9

    (7) statement -> IF . expression DO statements END
    (8) statement -> IF . expression DO statements ELSE statements END
    (10) expression -> . expression PLUS expression
    (11) expression -> . expression MINUS expression
    (12) expression -> . expression TIMES expression
    (13) expression -> . expression DIVIDE expression
    (14) expression -> . expression GREATER expression
    (15) expression -> . expression LESS expression
    (16) expression -> . expression GREATEQ expression
    (17) expression -> . expression LESSEQ expression
    (18) expression -> . expression AND expression
    (19) expression -> . expression OR expression
    (20) expression -> . MINUS expression
    (21) expression -> . PARENL expression PARENR
    (22) expression -> . INT
    (23) expression -> . DOUBLE
    (24) expression -> . CHAR
    (25) expression -> . TRUE
    (26) expression -> . FALSE
    (27) expression -> . STRING
    (28) expression -> . NAME

    MINUS           shift and go to state 5
    PARENL          shift and go to state 11
    INT             shift and go to state 14
    DOUBLE          shift and go to state 15
    CHAR            shift and go to state 2
    TRUE            shift and go to state 4
    FALSE           shift and go to state 12
    STRING          shift and go to state 7
    NAME            shift and go to state 17

    expression                     shift and go to state 23

state 10

    (9) statement -> FOR . NAME FOREXPR NAME DO statements END

    NAME            shift and go to state 24


state 11

    (21) expression -> PARENL . expression PARENR
    (10) expression -> . expression PLUS expression
    (11) expression -> . expression MINUS expression
    (12) expression -> . expression TIMES expression
    (13) expression -> . expression DIVIDE expression
    (14) expression -> . expression GREATER expression
    (15) expression -> . expression LESS expression
    (16) expression -> . expression GREATEQ expression
    (17) expression -> . expression LESSEQ expression
    (18) expression -> . expression AND expression
    (19) expression -> . expression OR expression
    (20) expression -> . MINUS expression
    (21) expression -> . PARENL expression PARENR
    (22) expression -> . INT
    (23) expression -> . DOUBLE
    (24) expression -> . CHAR
    (25) expression -> . TRUE
    (26) expression -> . FALSE
    (27) expression -> . STRING
    (28) expression -> . NAME

    MINUS           shift and go to state 5
    PARENL          shift and go to state 11
    INT             shift and go to state 14
    DOUBLE          shift and go to state 15
    CHAR            shift and go to state 2
    TRUE            shift and go to state 4
    FALSE           shift and go to state 12
    STRING          shift and go to state 7
    NAME            shift and go to state 17

    expression                     shift and go to state 25

state 12

    (26) expression -> FALSE .

    PLUS            reduce using rule 26 (expression -> FALSE .)
    MINUS           reduce using rule 26 (expression -> FALSE .)
    TIMES           reduce using rule 26 (expression -> FALSE .)
    DIVIDE          reduce using rule 26 (expression -> FALSE .)
    GREATER         reduce using rule 26 (expression -> FALSE .)
    LESS            reduce using rule 26 (expression -> FALSE .)
    GREATEQ         reduce using rule 26 (expression -> FALSE .)
    LESSEQ          reduce using rule 26 (expression -> FALSE .)
    AND             reduce using rule 26 (expression -> FALSE .)
    OR              reduce using rule 26 (expression -> FALSE .)
    NAME            reduce using rule 26 (expression -> FALSE .)
    CONSTANT        reduce using rule 26 (expression -> FALSE .)
    DEF             reduce using rule 26 (expression -> FALSE .)
    IF              reduce using rule 26 (expression -> FALSE .)
    FOR             reduce using rule 26 (expression -> FALSE .)
    $end            reduce using rule 26 (expression -> FALSE .)
    END             reduce using rule 26 (expression -> FALSE .)
    ELSE            reduce using rule 26 (expression -> FALSE .)
    DO              reduce using rule 26 (expression -> FALSE .)
    PARENR          reduce using rule 26 (expression -> FALSE .)


state 13

    (4) statement -> NAME . EQUALS expression
    (28) expression -> NAME .

    EQUALS          shift and go to state 26
    PLUS            reduce using rule 28 (expression -> NAME .)
    MINUS           reduce using rule 28 (expression -> NAME .)
    TIMES           reduce using rule 28 (expression -> NAME .)
    DIVIDE          reduce using rule 28 (expression -> NAME .)
    GREATER         reduce using rule 28 (expression -> NAME .)
    LESS            reduce using rule 28 (expression -> NAME .)
    GREATEQ         reduce using rule 28 (expression -> NAME .)
    LESSEQ          reduce using rule 28 (expression -> NAME .)
    AND             reduce using rule 28 (expression -> NAME .)
    OR              reduce using rule 28 (expression -> NAME .)
    END             reduce using rule 28 (expression -> NAME .)
    ELSE            reduce using rule 28 (expression -> NAME .)
    NAME            reduce using rule 28 (expression -> NAME .)
    CONSTANT        reduce using rule 28 (expression -> NAME .)
    DEF             reduce using rule 28 (expression -> NAME .)
    IF              reduce using rule 28 (expression -> NAME .)
    FOR             reduce using rule 28 (expression -> NAME .)
    $end            reduce using rule 28 (expression -> NAME .)


state 14

    (22) expression -> INT .

    PLUS            reduce using rule 22 (expression -> INT .)
    MINUS           reduce using rule 22 (expression -> INT .)
    TIMES           reduce using rule 22 (expression -> INT .)
    DIVIDE          reduce using rule 22 (expression -> INT .)
    GREATER         reduce using rule 22 (expression -> INT .)
    LESS            reduce using rule 22 (expression -> INT .)
    GREATEQ         reduce using rule 22 (expression -> INT .)
    LESSEQ          reduce using rule 22 (expression -> INT .)
    AND             reduce using rule 22 (expression -> INT .)
    OR              reduce using rule 22 (expression -> INT .)
    NAME            reduce using rule 22 (expression -> INT .)
    CONSTANT        reduce using rule 22 (expression -> INT .)
    DEF             reduce using rule 22 (expression -> INT .)
    IF              reduce using rule 22 (expression -> INT .)
    FOR             reduce using rule 22 (expression -> INT .)
    $end            reduce using rule 22 (expression -> INT .)
    END             reduce using rule 22 (expression -> INT .)
    ELSE            reduce using rule 22 (expression -> INT .)
    DO              reduce using rule 22 (expression -> INT .)
    PARENR          reduce using rule 22 (expression -> INT .)


state 15

    (23) expression -> DOUBLE .

    PLUS            reduce using rule 23 (expression -> DOUBLE .)
    MINUS           reduce using rule 23 (expression -> DOUBLE .)
    TIMES           reduce using rule 23 (expression -> DOUBLE .)
    DIVIDE          reduce using rule 23 (expression -> DOUBLE .)
    GREATER         reduce using rule 23 (expression -> DOUBLE .)
    LESS            reduce using rule 23 (expression -> DOUBLE .)
    GREATEQ         reduce using rule 23 (expression -> DOUBLE .)
    LESSEQ          reduce using rule 23 (expression -> DOUBLE .)
    AND             reduce using rule 23 (expression -> DOUBLE .)
    OR              reduce using rule 23 (expression -> DOUBLE .)
    NAME            reduce using rule 23 (expression -> DOUBLE .)
    CONSTANT        reduce using rule 23 (expression -> DOUBLE .)
    DEF             reduce using rule 23 (expression -> DOUBLE .)
    IF              reduce using rule 23 (expression -> DOUBLE .)
    FOR             reduce using rule 23 (expression -> DOUBLE .)
    $end            reduce using rule 23 (expression -> DOUBLE .)
    END             reduce using rule 23 (expression -> DOUBLE .)
    ELSE            reduce using rule 23 (expression -> DOUBLE .)
    DO              reduce using rule 23 (expression -> DOUBLE .)
    PARENR          reduce using rule 23 (expression -> DOUBLE .)


state 16

    (3) statements -> expression .
    (10) expression -> expression . PLUS expression
    (11) expression -> expression . MINUS expression
    (12) expression -> expression . TIMES expression
    (13) expression -> expression . DIVIDE expression
    (14) expression -> expression . GREATER expression
    (15) expression -> expression . LESS expression
    (16) expression -> expression . GREATEQ expression
    (17) expression -> expression . LESSEQ expression
    (18) expression -> expression . AND expression
    (19) expression -> expression . OR expression

    END             reduce using rule 3 (statements -> expression .)
    NAME            reduce using rule 3 (statements -> expression .)
    CONSTANT        reduce using rule 3 (statements -> expression .)
    DEF             reduce using rule 3 (statements -> expression .)
    IF              reduce using rule 3 (statements -> expression .)
    FOR             reduce using rule 3 (statements -> expression .)
    $end            reduce using rule 3 (statements -> expression .)
    ELSE            reduce using rule 3 (statements -> expression .)
    PLUS            shift and go to state 34
    MINUS           shift and go to state 35
    TIMES           shift and go to state 32
    DIVIDE          shift and go to state 29
    GREATER         shift and go to state 36
    LESS            shift and go to state 31
    GREATEQ         shift and go to state 30
    LESSEQ          shift and go to state 33
    AND             shift and go to state 27
    OR              shift and go to state 28


state 17

    (28) expression -> NAME .

    PLUS            reduce using rule 28 (expression -> NAME .)
    MINUS           reduce using rule 28 (expression -> NAME .)
    TIMES           reduce using rule 28 (expression -> NAME .)
    DIVIDE          reduce using rule 28 (expression -> NAME .)
    GREATER         reduce using rule 28 (expression -> NAME .)
    LESS            reduce using rule 28 (expression -> NAME .)
    GREATEQ         reduce using rule 28 (expression -> NAME .)
    LESSEQ          reduce using rule 28 (expression -> NAME .)
    AND             reduce using rule 28 (expression -> NAME .)
    OR              reduce using rule 28 (expression -> NAME .)
    NAME            reduce using rule 28 (expression -> NAME .)
    CONSTANT        reduce using rule 28 (expression -> NAME .)
    DEF             reduce using rule 28 (expression -> NAME .)
    IF              reduce using rule 28 (expression -> NAME .)
    FOR             reduce using rule 28 (expression -> NAME .)
    $end            reduce using rule 28 (expression -> NAME .)
    END             reduce using rule 28 (expression -> NAME .)
    ELSE            reduce using rule 28 (expression -> NAME .)
    DO              reduce using rule 28 (expression -> NAME .)
    PARENR          reduce using rule 28 (expression -> NAME .)


state 18

    (5) statement -> CONSTANT expression .
    (10) expression -> expression . PLUS expression
    (11) expression -> expression . MINUS expression
    (12) expression -> expression . TIMES expression
    (13) expression -> expression . DIVIDE expression
    (14) expression -> expression . GREATER expression
    (15) expression -> expression . LESS expression
    (16) expression -> expression . GREATEQ expression
    (17) expression -> expression . LESSEQ expression
    (18) expression -> expression . AND expression
    (19) expression -> expression . OR expression

    END             reduce using rule 5 (statement -> CONSTANT expression .)
    NAME            reduce using rule 5 (statement -> CONSTANT expression .)
    CONSTANT        reduce using rule 5 (statement -> CONSTANT expression .)
    DEF             reduce using rule 5 (statement -> CONSTANT expression .)
    IF              reduce using rule 5 (statement -> CONSTANT expression .)
    FOR             reduce using rule 5 (statement -> CONSTANT expression .)
    $end            reduce using rule 5 (statement -> CONSTANT expression .)
    ELSE            reduce using rule 5 (statement -> CONSTANT expression .)
    PLUS            shift and go to state 34
    MINUS           shift and go to state 35
    TIMES           shift and go to state 32
    DIVIDE          shift and go to state 29
    GREATER         shift and go to state 36
    LESS            shift and go to state 31
    GREATEQ         shift and go to state 30
    LESSEQ          shift and go to state 33
    AND             shift and go to state 27
    OR              shift and go to state 28


state 19

    (4) statement -> NAME . EQUALS expression

    EQUALS          shift and go to state 26


state 20

    (1) statements -> statements statement .

    END             reduce using rule 1 (statements -> statements statement .)
    NAME            reduce using rule 1 (statements -> statements statement .)
    CONSTANT        reduce using rule 1 (statements -> statements statement .)
    DEF             reduce using rule 1 (statements -> statements statement .)
    IF              reduce using rule 1 (statements -> statements statement .)
    FOR             reduce using rule 1 (statements -> statements statement .)
    $end            reduce using rule 1 (statements -> statements statement .)
    ELSE            reduce using rule 1 (statements -> statements statement .)


state 21

    (20) expression -> MINUS expression .
    (10) expression -> expression . PLUS expression
    (11) expression -> expression . MINUS expression
    (12) expression -> expression . TIMES expression
    (13) expression -> expression . DIVIDE expression
    (14) expression -> expression . GREATER expression
    (15) expression -> expression . LESS expression
    (16) expression -> expression . GREATEQ expression
    (17) expression -> expression . LESSEQ expression
    (18) expression -> expression . AND expression
    (19) expression -> expression . OR expression

    PLUS            reduce using rule 20 (expression -> MINUS expression .)
    MINUS           reduce using rule 20 (expression -> MINUS expression .)
    TIMES           reduce using rule 20 (expression -> MINUS expression .)
    DIVIDE          reduce using rule 20 (expression -> MINUS expression .)
    GREATER         reduce using rule 20 (expression -> MINUS expression .)
    LESS            reduce using rule 20 (expression -> MINUS expression .)
    GREATEQ         reduce using rule 20 (expression -> MINUS expression .)
    LESSEQ          reduce using rule 20 (expression -> MINUS expression .)
    AND             reduce using rule 20 (expression -> MINUS expression .)
    OR              reduce using rule 20 (expression -> MINUS expression .)
    NAME            reduce using rule 20 (expression -> MINUS expression .)
    CONSTANT        reduce using rule 20 (expression -> MINUS expression .)
    DEF             reduce using rule 20 (expression -> MINUS expression .)
    IF              reduce using rule 20 (expression -> MINUS expression .)
    FOR             reduce using rule 20 (expression -> MINUS expression .)
    $end            reduce using rule 20 (expression -> MINUS expression .)
    END             reduce using rule 20 (expression -> MINUS expression .)
    ELSE            reduce using rule 20 (expression -> MINUS expression .)
    DO              reduce using rule 20 (expression -> MINUS expression .)
    PARENR          reduce using rule 20 (expression -> MINUS expression .)

  ! PLUS            [ shift and go to state 34 ]
  ! MINUS           [ shift and go to state 35 ]
  ! TIMES           [ shift and go to state 32 ]
  ! DIVIDE          [ shift and go to state 29 ]
  ! GREATER         [ shift and go to state 36 ]
  ! LESS            [ shift and go to state 31 ]
  ! GREATEQ         [ shift and go to state 30 ]
  ! LESSEQ          [ shift and go to state 33 ]
  ! AND             [ shift and go to state 27 ]
  ! OR              [ shift and go to state 28 ]


state 22

    (6) statement -> DEF NAME . PARENL NAME PARENR DO statements END

    PARENL          shift and go to state 37


state 23

    (7) statement -> IF expression . DO statements END
    (8) statement -> IF expression . DO statements ELSE statements END
    (10) expression -> expression . PLUS expression
    (11) expression -> expression . MINUS expression
    (12) expression -> expression . TIMES expression
    (13) expression -> expression . DIVIDE expression
    (14) expression -> expression . GREATER expression
    (15) expression -> expression . LESS expression
    (16) expression -> expression . GREATEQ expression
    (17) expression -> expression . LESSEQ expression
    (18) expression -> expression . AND expression
    (19) expression -> expression . OR expression

    DO              shift and go to state 38
    PLUS            shift and go to state 34
    MINUS           shift and go to state 35
    TIMES           shift and go to state 32
    DIVIDE          shift and go to state 29
    GREATER         shift and go to state 36
    LESS            shift and go to state 31
    GREATEQ         shift and go to state 30
    LESSEQ          shift and go to state 33
    AND             shift and go to state 27
    OR              shift and go to state 28


state 24

    (9) statement -> FOR NAME . FOREXPR NAME DO statements END

    FOREXPR         shift and go to state 39


state 25

    (21) expression -> PARENL expression . PARENR
    (10) expression -> expression . PLUS expression
    (11) expression -> expression . MINUS expression
    (12) expression -> expression . TIMES expression
    (13) expression -> expression . DIVIDE expression
    (14) expression -> expression . GREATER expression
    (15) expression -> expression . LESS expression
    (16) expression -> expression . GREATEQ expression
    (17) expression -> expression . LESSEQ expression
    (18) expression -> expression . AND expression
    (19) expression -> expression . OR expression

    PARENR          shift and go to state 40
    PLUS            shift and go to state 34
    MINUS           shift and go to state 35
    TIMES           shift and go to state 32
    DIVIDE          shift and go to state 29
    GREATER         shift and go to state 36
    LESS            shift and go to state 31
    GREATEQ         shift and go to state 30
    LESSEQ          shift and go to state 33
    AND             shift and go to state 27
    OR              shift and go to state 28


state 26

    (4) statement -> NAME EQUALS . expression
    (10) expression -> . expression PLUS expression
    (11) expression -> . expression MINUS expression
    (12) expression -> . expression TIMES expression
    (13) expression -> . expression DIVIDE expression
    (14) expression -> . expression GREATER expression
    (15) expression -> . expression LESS expression
    (16) expression -> . expression GREATEQ expression
    (17) expression -> . expression LESSEQ expression
    (18) expression -> . expression AND expression
    (19) expression -> . expression OR expression
    (20) expression -> . MINUS expression
    (21) expression -> . PARENL expression PARENR
    (22) expression -> . INT
    (23) expression -> . DOUBLE
    (24) expression -> . CHAR
    (25) expression -> . TRUE
    (26) expression -> . FALSE
    (27) expression -> . STRING
    (28) expression -> . NAME

    MINUS           shift and go to state 5
    PARENL          shift and go to state 11
    INT             shift and go to state 14
    DOUBLE          shift and go to state 15
    CHAR            shift and go to state 2
    TRUE            shift and go to state 4
    FALSE           shift and go to state 12
    STRING          shift and go to state 7
    NAME            shift and go to state 17

    expression                     shift and go to state 41

state 27

    (18) expression -> expression AND . expression
    (10) expression -> . expression PLUS expression
    (11) expression -> . expression MINUS expression
    (12) expression -> . expression TIMES expression
    (13) expression -> . expression DIVIDE expression
    (14) expression -> . expression GREATER expression
    (15) expression -> . expression LESS expression
    (16) expression -> . expression GREATEQ expression
    (17) expression -> . expression LESSEQ expression
    (18) expression -> . expression AND expression
    (19) expression -> . expression OR expression
    (20) expression -> . MINUS expression
    (21) expression -> . PARENL expression PARENR
    (22) expression -> . INT
    (23) expression -> . DOUBLE
    (24) expression -> . CHAR
    (25) expression -> . TRUE
    (26) expression -> . FALSE
    (27) expression -> . STRING
    (28) expression -> . NAME

    MINUS           shift and go to state 5
    PARENL          shift and go to state 11
    INT             shift and go to state 14
    DOUBLE          shift and go to state 15
    CHAR            shift and go to state 2
    TRUE            shift and go to state 4
    FALSE           shift and go to state 12
    STRING          shift and go to state 7
    NAME            shift and go to state 17

    expression                     shift and go to state 42

state 28

    (19) expression -> expression OR . expression
    (10) expression -> . expression PLUS expression
    (11) expression -> . expression MINUS expression
    (12) expression -> . expression TIMES expression
    (13) expression -> . expression DIVIDE expression
    (14) expression -> . expression GREATER expression
    (15) expression -> . expression LESS expression
    (16) expression -> . expression GREATEQ expression
    (17) expression -> . expression LESSEQ expression
    (18) expression -> . expression AND expression
    (19) expression -> . expression OR expression
    (20) expression -> . MINUS expression
    (21) expression -> . PARENL expression PARENR
    (22) expression -> . INT
    (23) expression -> . DOUBLE
    (24) expression -> . CHAR
    (25) expression -> . TRUE
    (26) expression -> . FALSE
    (27) expression -> . STRING
    (28) expression -> . NAME

    MINUS           shift and go to state 5
    PARENL          shift and go to state 11
    INT             shift and go to state 14
    DOUBLE          shift and go to state 15
    CHAR            shift and go to state 2
    TRUE            shift and go to state 4
    FALSE           shift and go to state 12
    STRING          shift and go to state 7
    NAME            shift and go to state 17

    expression                     shift and go to state 43

state 29

    (13) expression -> expression DIVIDE . expression
    (10) expression -> . expression PLUS expression
    (11) expression -> . expression MINUS expression
    (12) expression -> . expression TIMES expression
    (13) expression -> . expression DIVIDE expression
    (14) expression -> . expression GREATER expression
    (15) expression -> . expression LESS expression
    (16) expression -> . expression GREATEQ expression
    (17) expression -> . expression LESSEQ expression
    (18) expression -> . expression AND expression
    (19) expression -> . expression OR expression
    (20) expression -> . MINUS expression
    (21) expression -> . PARENL expression PARENR
    (22) expression -> . INT
    (23) expression -> . DOUBLE
    (24) expression -> . CHAR
    (25) expression -> . TRUE
    (26) expression -> . FALSE
    (27) expression -> . STRING
    (28) expression -> . NAME

    MINUS           shift and go to state 5
    PARENL          shift and go to state 11
    INT             shift and go to state 14
    DOUBLE          shift and go to state 15
    CHAR            shift and go to state 2
    TRUE            shift and go to state 4
    FALSE           shift and go to state 12
    STRING          shift and go to state 7
    NAME            shift and go to state 17

    expression                     shift and go to state 44

state 30

    (16) expression -> expression GREATEQ . expression
    (10) expression -> . expression PLUS expression
    (11) expression -> . expression MINUS expression
    (12) expression -> . expression TIMES expression
    (13) expression -> . expression DIVIDE expression
    (14) expression -> . expression GREATER expression
    (15) expression -> . expression LESS expression
    (16) expression -> . expression GREATEQ expression
    (17) expression -> . expression LESSEQ expression
    (18) expression -> . expression AND expression
    (19) expression -> . expression OR expression
    (20) expression -> . MINUS expression
    (21) expression -> . PARENL expression PARENR
    (22) expression -> . INT
    (23) expression -> . DOUBLE
    (24) expression -> . CHAR
    (25) expression -> . TRUE
    (26) expression -> . FALSE
    (27) expression -> . STRING
    (28) expression -> . NAME

    MINUS           shift and go to state 5
    PARENL          shift and go to state 11
    INT             shift and go to state 14
    DOUBLE          shift and go to state 15
    CHAR            shift and go to state 2
    TRUE            shift and go to state 4
    FALSE           shift and go to state 12
    STRING          shift and go to state 7
    NAME            shift and go to state 17

    expression                     shift and go to state 45

state 31

    (15) expression -> expression LESS . expression
    (10) expression -> . expression PLUS expression
    (11) expression -> . expression MINUS expression
    (12) expression -> . expression TIMES expression
    (13) expression -> . expression DIVIDE expression
    (14) expression -> . expression GREATER expression
    (15) expression -> . expression LESS expression
    (16) expression -> . expression GREATEQ expression
    (17) expression -> . expression LESSEQ expression
    (18) expression -> . expression AND expression
    (19) expression -> . expression OR expression
    (20) expression -> . MINUS expression
    (21) expression -> . PARENL expression PARENR
    (22) expression -> . INT
    (23) expression -> . DOUBLE
    (24) expression -> . CHAR
    (25) expression -> . TRUE
    (26) expression -> . FALSE
    (27) expression -> . STRING
    (28) expression -> . NAME

    MINUS           shift and go to state 5
    PARENL          shift and go to state 11
    INT             shift and go to state 14
    DOUBLE          shift and go to state 15
    CHAR            shift and go to state 2
    TRUE            shift and go to state 4
    FALSE           shift and go to state 12
    STRING          shift and go to state 7
    NAME            shift and go to state 17

    expression                     shift and go to state 46

state 32

    (12) expression -> expression TIMES . expression
    (10) expression -> . expression PLUS expression
    (11) expression -> . expression MINUS expression
    (12) expression -> . expression TIMES expression
    (13) expression -> . expression DIVIDE expression
    (14) expression -> . expression GREATER expression
    (15) expression -> . expression LESS expression
    (16) expression -> . expression GREATEQ expression
    (17) expression -> . expression LESSEQ expression
    (18) expression -> . expression AND expression
    (19) expression -> . expression OR expression
    (20) expression -> . MINUS expression
    (21) expression -> . PARENL expression PARENR
    (22) expression -> . INT
    (23) expression -> . DOUBLE
    (24) expression -> . CHAR
    (25) expression -> . TRUE
    (26) expression -> . FALSE
    (27) expression -> . STRING
    (28) expression -> . NAME

    MINUS           shift and go to state 5
    PARENL          shift and go to state 11
    INT             shift and go to state 14
    DOUBLE          shift and go to state 15
    CHAR            shift and go to state 2
    TRUE            shift and go to state 4
    FALSE           shift and go to state 12
    STRING          shift and go to state 7
    NAME            shift and go to state 17

    expression                     shift and go to state 47

state 33

    (17) expression -> expression LESSEQ . expression
    (10) expression -> . expression PLUS expression
    (11) expression -> . expression MINUS expression
    (12) expression -> . expression TIMES expression
    (13) expression -> . expression DIVIDE expression
    (14) expression -> . expression GREATER expression
    (15) expression -> . expression LESS expression
    (16) expression -> . expression GREATEQ expression
    (17) expression -> . expression LESSEQ expression
    (18) expression -> . expression AND expression
    (19) expression -> . expression OR expression
    (20) expression -> . MINUS expression
    (21) expression -> . PARENL expression PARENR
    (22) expression -> . INT
    (23) expression -> . DOUBLE
    (24) expression -> . CHAR
    (25) expression -> . TRUE
    (26) expression -> . FALSE
    (27) expression -> . STRING
    (28) expression -> . NAME

    MINUS           shift and go to state 5
    PARENL          shift and go to state 11
    INT             shift and go to state 14
    DOUBLE          shift and go to state 15
    CHAR            shift and go to state 2
    TRUE            shift and go to state 4
    FALSE           shift and go to state 12
    STRING          shift and go to state 7
    NAME            shift and go to state 17

    expression                     shift and go to state 48

state 34

    (10) expression -> expression PLUS . expression
    (10) expression -> . expression PLUS expression
    (11) expression -> . expression MINUS expression
    (12) expression -> . expression TIMES expression
    (13) expression -> . expression DIVIDE expression
    (14) expression -> . expression GREATER expression
    (15) expression -> . expression LESS expression
    (16) expression -> . expression GREATEQ expression
    (17) expression -> . expression LESSEQ expression
    (18) expression -> . expression AND expression
    (19) expression -> . expression OR expression
    (20) expression -> . MINUS expression
    (21) expression -> . PARENL expression PARENR
    (22) expression -> . INT
    (23) expression -> . DOUBLE
    (24) expression -> . CHAR
    (25) expression -> . TRUE
    (26) expression -> . FALSE
    (27) expression -> . STRING
    (28) expression -> . NAME

    MINUS           shift and go to state 5
    PARENL          shift and go to state 11
    INT             shift and go to state 14
    DOUBLE          shift and go to state 15
    CHAR            shift and go to state 2
    TRUE            shift and go to state 4
    FALSE           shift and go to state 12
    STRING          shift and go to state 7
    NAME            shift and go to state 17

    expression                     shift and go to state 49

state 35

    (11) expression -> expression MINUS . expression
    (10) expression -> . expression PLUS expression
    (11) expression -> . expression MINUS expression
    (12) expression -> . expression TIMES expression
    (13) expression -> . expression DIVIDE expression
    (14) expression -> . expression GREATER expression
    (15) expression -> . expression LESS expression
    (16) expression -> . expression GREATEQ expression
    (17) expression -> . expression LESSEQ expression
    (18) expression -> . expression AND expression
    (19) expression -> . expression OR expression
    (20) expression -> . MINUS expression
    (21) expression -> . PARENL expression PARENR
    (22) expression -> . INT
    (23) expression -> . DOUBLE
    (24) expression -> . CHAR
    (25) expression -> . TRUE
    (26) expression -> . FALSE
    (27) expression -> . STRING
    (28) expression -> . NAME

    MINUS           shift and go to state 5
    PARENL          shift and go to state 11
    INT             shift and go to state 14
    DOUBLE          shift and go to state 15
    CHAR            shift and go to state 2
    TRUE            shift and go to state 4
    FALSE           shift and go to state 12
    STRING          shift and go to state 7
    NAME            shift and go to state 17

    expression                     shift and go to state 50

state 36

    (14) expression -> expression GREATER . expression
    (10) expression -> . expression PLUS expression
    (11) expression -> . expression MINUS expression
    (12) expression -> . expression TIMES expression
    (13) expression -> . expression DIVIDE expression
    (14) expression -> . expression GREATER expression
    (15) expression -> . expression LESS expression
    (16) expression -> . expression GREATEQ expression
    (17) expression -> . expression LESSEQ expression
    (18) expression -> . expression AND expression
    (19) expression -> . expression OR expression
    (20) expression -> . MINUS expression
    (21) expression -> . PARENL expression PARENR
    (22) expression -> . INT
    (23) expression -> . DOUBLE
    (24) expression -> . CHAR
    (25) expression -> . TRUE
    (26) expression -> . FALSE
    (27) expression -> . STRING
    (28) expression -> . NAME

    MINUS           shift and go to state 5
    PARENL          shift and go to state 11
    INT             shift and go to state 14
    DOUBLE          shift and go to state 15
    CHAR            shift and go to state 2
    TRUE            shift and go to state 4
    FALSE           shift and go to state 12
    STRING          shift and go to state 7
    NAME            shift and go to state 17

    expression                     shift and go to state 51

state 37

    (6) statement -> DEF NAME PARENL . NAME PARENR DO statements END

    NAME            shift and go to state 52


state 38

    (7) statement -> IF expression DO . statements END
    (8) statement -> IF expression DO . statements ELSE statements END
    (1) statements -> . statements statement
    (2) statements -> . statement
    (3) statements -> . expression
    (4) statement -> . NAME EQUALS expression
    (5) statement -> . CONSTANT expression
    (6) statement -> . DEF NAME PARENL NAME PARENR DO statements END
    (7) statement -> . IF expression DO statements END
    (8) statement -> . IF expression DO statements ELSE statements END
    (9) statement -> . FOR NAME FOREXPR NAME DO statements END
    (10) expression -> . expression PLUS expression
    (11) expression -> . expression MINUS expression
    (12) expression -> . expression TIMES expression
    (13) expression -> . expression DIVIDE expression
    (14) expression -> . expression GREATER expression
    (15) expression -> . expression LESS expression
    (16) expression -> . expression GREATEQ expression
    (17) expression -> . expression LESSEQ expression
    (18) expression -> . expression AND expression
    (19) expression -> . expression OR expression
    (20) expression -> . MINUS expression
    (21) expression -> . PARENL expression PARENR
    (22) expression -> . INT
    (23) expression -> . DOUBLE
    (24) expression -> . CHAR
    (25) expression -> . TRUE
    (26) expression -> . FALSE
    (27) expression -> . STRING
    (28) expression -> . NAME

    NAME            shift and go to state 13
    CONSTANT        shift and go to state 1
    DEF             shift and go to state 6
    IF              shift and go to state 9
    FOR             shift and go to state 10
    MINUS           shift and go to state 5
    PARENL          shift and go to state 11
    INT             shift and go to state 14
    DOUBLE          shift and go to state 15
    CHAR            shift and go to state 2
    TRUE            shift and go to state 4
    FALSE           shift and go to state 12
    STRING          shift and go to state 7

    statements                     shift and go to state 53
    expression                     shift and go to state 16
    statement                      shift and go to state 8

state 39

    (9) statement -> FOR NAME FOREXPR . NAME DO statements END

    NAME            shift and go to state 54


state 40

    (21) expression -> PARENL expression PARENR .

    PLUS            reduce using rule 21 (expression -> PARENL expression PARENR .)
    MINUS           reduce using rule 21 (expression -> PARENL expression PARENR .)
    TIMES           reduce using rule 21 (expression -> PARENL expression PARENR .)
    DIVIDE          reduce using rule 21 (expression -> PARENL expression PARENR .)
    GREATER         reduce using rule 21 (expression -> PARENL expression PARENR .)
    LESS            reduce using rule 21 (expression -> PARENL expression PARENR .)
    GREATEQ         reduce using rule 21 (expression -> PARENL expression PARENR .)
    LESSEQ          reduce using rule 21 (expression -> PARENL expression PARENR .)
    AND             reduce using rule 21 (expression -> PARENL expression PARENR .)
    OR              reduce using rule 21 (expression -> PARENL expression PARENR .)
    NAME            reduce using rule 21 (expression -> PARENL expression PARENR .)
    CONSTANT        reduce using rule 21 (expression -> PARENL expression PARENR .)
    DEF             reduce using rule 21 (expression -> PARENL expression PARENR .)
    IF              reduce using rule 21 (expression -> PARENL expression PARENR .)
    FOR             reduce using rule 21 (expression -> PARENL expression PARENR .)
    $end            reduce using rule 21 (expression -> PARENL expression PARENR .)
    END             reduce using rule 21 (expression -> PARENL expression PARENR .)
    ELSE            reduce using rule 21 (expression -> PARENL expression PARENR .)
    DO              reduce using rule 21 (expression -> PARENL expression PARENR .)
    PARENR          reduce using rule 21 (expression -> PARENL expression PARENR .)


state 41

    (4) statement -> NAME EQUALS expression .
    (10) expression -> expression . PLUS expression
    (11) expression -> expression . MINUS expression
    (12) expression -> expression . TIMES expression
    (13) expression -> expression . DIVIDE expression
    (14) expression -> expression . GREATER expression
    (15) expression -> expression . LESS expression
    (16) expression -> expression . GREATEQ expression
    (17) expression -> expression . LESSEQ expression
    (18) expression -> expression . AND expression
    (19) expression -> expression . OR expression

    END             reduce using rule 4 (statement -> NAME EQUALS expression .)
    NAME            reduce using rule 4 (statement -> NAME EQUALS expression .)
    CONSTANT        reduce using rule 4 (statement -> NAME EQUALS expression .)
    DEF             reduce using rule 4 (statement -> NAME EQUALS expression .)
    IF              reduce using rule 4 (statement -> NAME EQUALS expression .)
    FOR             reduce using rule 4 (statement -> NAME EQUALS expression .)
    $end            reduce using rule 4 (statement -> NAME EQUALS expression .)
    ELSE            reduce using rule 4 (statement -> NAME EQUALS expression .)
    PLUS            shift and go to state 34
    MINUS           shift and go to state 35
    TIMES           shift and go to state 32
    DIVIDE          shift and go to state 29
    GREATER         shift and go to state 36
    LESS            shift and go to state 31
    GREATEQ         shift and go to state 30
    LESSEQ          shift and go to state 33
    AND             shift and go to state 27
    OR              shift and go to state 28


state 42

    (18) expression -> expression AND expression .
    (10) expression -> expression . PLUS expression
    (11) expression -> expression . MINUS expression
    (12) expression -> expression . TIMES expression
    (13) expression -> expression . DIVIDE expression
    (14) expression -> expression . GREATER expression
    (15) expression -> expression . LESS expression
    (16) expression -> expression . GREATEQ expression
    (17) expression -> expression . LESSEQ expression
    (18) expression -> expression . AND expression
    (19) expression -> expression . OR expression

    AND             reduce using rule 18 (expression -> expression AND expression .)
    OR              reduce using rule 18 (expression -> expression AND expression .)
    NAME            reduce using rule 18 (expression -> expression AND expression .)
    CONSTANT        reduce using rule 18 (expression -> expression AND expression .)
    DEF             reduce using rule 18 (expression -> expression AND expression .)
    IF              reduce using rule 18 (expression -> expression AND expression .)
    FOR             reduce using rule 18 (expression -> expression AND expression .)
    $end            reduce using rule 18 (expression -> expression AND expression .)
    END             reduce using rule 18 (expression -> expression AND expression .)
    ELSE            reduce using rule 18 (expression -> expression AND expression .)
    DO              reduce using rule 18 (expression -> expression AND expression .)
    PARENR          reduce using rule 18 (expression -> expression AND expression .)
    PLUS            shift and go to state 34
    MINUS           shift and go to state 35
    TIMES           shift and go to state 32
    DIVIDE          shift and go to state 29
    GREATER         shift and go to state 36
    LESS            shift and go to state 31
    GREATEQ         shift and go to state 30
    LESSEQ          shift and go to state 33

  ! PLUS            [ reduce using rule 18 (expression -> expression AND expression .) ]
  ! MINUS           [ reduce using rule 18 (expression -> expression AND expression .) ]
  ! TIMES           [ reduce using rule 18 (expression -> expression AND expression .) ]
  ! DIVIDE          [ reduce using rule 18 (expression -> expression AND expression .) ]
  ! GREATER         [ reduce using rule 18 (expression -> expression AND expression .) ]
  ! LESS            [ reduce using rule 18 (expression -> expression AND expression .) ]
  ! GREATEQ         [ reduce using rule 18 (expression -> expression AND expression .) ]
  ! LESSEQ          [ reduce using rule 18 (expression -> expression AND expression .) ]
  ! AND             [ shift and go to state 27 ]
  ! OR              [ shift and go to state 28 ]


state 43

    (19) expression -> expression OR expression .
    (10) expression -> expression . PLUS expression
    (11) expression -> expression . MINUS expression
    (12) expression -> expression . TIMES expression
    (13) expression -> expression . DIVIDE expression
    (14) expression -> expression . GREATER expression
    (15) expression -> expression . LESS expression
    (16) expression -> expression . GREATEQ expression
    (17) expression -> expression . LESSEQ expression
    (18) expression -> expression . AND expression
    (19) expression -> expression . OR expression

    AND             reduce using rule 19 (expression -> expression OR expression .)
    OR              reduce using rule 19 (expression -> expression OR expression .)
    NAME            reduce using rule 19 (expression -> expression OR expression .)
    CONSTANT        reduce using rule 19 (expression -> expression OR expression .)
    DEF             reduce using rule 19 (expression -> expression OR expression .)
    IF              reduce using rule 19 (expression -> expression OR expression .)
    FOR             reduce using rule 19 (expression -> expression OR expression .)
    $end            reduce using rule 19 (expression -> expression OR expression .)
    END             reduce using rule 19 (expression -> expression OR expression .)
    ELSE            reduce using rule 19 (expression -> expression OR expression .)
    DO              reduce using rule 19 (expression -> expression OR expression .)
    PARENR          reduce using rule 19 (expression -> expression OR expression .)
    PLUS            shift and go to state 34
    MINUS           shift and go to state 35
    TIMES           shift and go to state 32
    DIVIDE          shift and go to state 29
    GREATER         shift and go to state 36
    LESS            shift and go to state 31
    GREATEQ         shift and go to state 30
    LESSEQ          shift and go to state 33

  ! PLUS            [ reduce using rule 19 (expression -> expression OR expression .) ]
  ! MINUS           [ reduce using rule 19 (expression -> expression OR expression .) ]
  ! TIMES           [ reduce using rule 19 (expression -> expression OR expression .) ]
  ! DIVIDE          [ reduce using rule 19 (expression -> expression OR expression .) ]
  ! GREATER         [ reduce using rule 19 (expression -> expression OR expression .) ]
  ! LESS            [ reduce using rule 19 (expression -> expression OR expression .) ]
  ! GREATEQ         [ reduce using rule 19 (expression -> expression OR expression .) ]
  ! LESSEQ          [ reduce using rule 19 (expression -> expression OR expression .) ]
  ! AND             [ shift and go to state 27 ]
  ! OR              [ shift and go to state 28 ]


state 44

    (13) expression -> expression DIVIDE expression .
    (10) expression -> expression . PLUS expression
    (11) expression -> expression . MINUS expression
    (12) expression -> expression . TIMES expression
    (13) expression -> expression . DIVIDE expression
    (14) expression -> expression . GREATER expression
    (15) expression -> expression . LESS expression
    (16) expression -> expression . GREATEQ expression
    (17) expression -> expression . LESSEQ expression
    (18) expression -> expression . AND expression
    (19) expression -> expression . OR expression

    PLUS            reduce using rule 13 (expression -> expression DIVIDE expression .)
    MINUS           reduce using rule 13 (expression -> expression DIVIDE expression .)
    TIMES           reduce using rule 13 (expression -> expression DIVIDE expression .)
    DIVIDE          reduce using rule 13 (expression -> expression DIVIDE expression .)
    GREATER         reduce using rule 13 (expression -> expression DIVIDE expression .)
    LESS            reduce using rule 13 (expression -> expression DIVIDE expression .)
    GREATEQ         reduce using rule 13 (expression -> expression DIVIDE expression .)
    LESSEQ          reduce using rule 13 (expression -> expression DIVIDE expression .)
    AND             reduce using rule 13 (expression -> expression DIVIDE expression .)
    OR              reduce using rule 13 (expression -> expression DIVIDE expression .)
    NAME            reduce using rule 13 (expression -> expression DIVIDE expression .)
    CONSTANT        reduce using rule 13 (expression -> expression DIVIDE expression .)
    DEF             reduce using rule 13 (expression -> expression DIVIDE expression .)
    IF              reduce using rule 13 (expression -> expression DIVIDE expression .)
    FOR             reduce using rule 13 (expression -> expression DIVIDE expression .)
    $end            reduce using rule 13 (expression -> expression DIVIDE expression .)
    END             reduce using rule 13 (expression -> expression DIVIDE expression .)
    ELSE            reduce using rule 13 (expression -> expression DIVIDE expression .)
    DO              reduce using rule 13 (expression -> expression DIVIDE expression .)
    PARENR          reduce using rule 13 (expression -> expression DIVIDE expression .)

  ! PLUS            [ shift and go to state 34 ]
  ! MINUS           [ shift and go to state 35 ]
  ! TIMES           [ shift and go to state 32 ]
  ! DIVIDE          [ shift and go to state 29 ]
  ! GREATER         [ shift and go to state 36 ]
  ! LESS            [ shift and go to state 31 ]
  ! GREATEQ         [ shift and go to state 30 ]
  ! LESSEQ          [ shift and go to state 33 ]
  ! AND             [ shift and go to state 27 ]
  ! OR              [ shift and go to state 28 ]


state 45

    (16) expression -> expression GREATEQ expression .
    (10) expression -> expression . PLUS expression
    (11) expression -> expression . MINUS expression
    (12) expression -> expression . TIMES expression
    (13) expression -> expression . DIVIDE expression
    (14) expression -> expression . GREATER expression
    (15) expression -> expression . LESS expression
    (16) expression -> expression . GREATEQ expression
    (17) expression -> expression . LESSEQ expression
    (18) expression -> expression . AND expression
    (19) expression -> expression . OR expression

    GREATER         reduce using rule 16 (expression -> expression GREATEQ expression .)
    LESS            reduce using rule 16 (expression -> expression GREATEQ expression .)
    GREATEQ         reduce using rule 16 (expression -> expression GREATEQ expression .)
    LESSEQ          reduce using rule 16 (expression -> expression GREATEQ expression .)
    AND             reduce using rule 16 (expression -> expression GREATEQ expression .)
    OR              reduce using rule 16 (expression -> expression GREATEQ expression .)
    NAME            reduce using rule 16 (expression -> expression GREATEQ expression .)
    CONSTANT        reduce using rule 16 (expression -> expression GREATEQ expression .)
    DEF             reduce using rule 16 (expression -> expression GREATEQ expression .)
    IF              reduce using rule 16 (expression -> expression GREATEQ expression .)
    FOR             reduce using rule 16 (expression -> expression GREATEQ expression .)
    $end            reduce using rule 16 (expression -> expression GREATEQ expression .)
    END             reduce using rule 16 (expression -> expression GREATEQ expression .)
    ELSE            reduce using rule 16 (expression -> expression GREATEQ expression .)
    DO              reduce using rule 16 (expression -> expression GREATEQ expression .)
    PARENR          reduce using rule 16 (expression -> expression GREATEQ expression .)
    PLUS            shift and go to state 34
    MINUS           shift and go to state 35
    TIMES           shift and go to state 32
    DIVIDE          shift and go to state 29

  ! PLUS            [ reduce using rule 16 (expression -> expression GREATEQ expression .) ]
  ! MINUS           [ reduce using rule 16 (expression -> expression GREATEQ expression .) ]
  ! TIMES           [ reduce using rule 16 (expression -> expression GREATEQ expression .) ]
  ! DIVIDE          [ reduce using rule 16 (expression -> expression GREATEQ expression .) ]
  ! GREATER         [ shift and go to state 36 ]
  ! LESS            [ shift and go to state 31 ]
  ! GREATEQ         [ shift and go to state 30 ]
  ! LESSEQ          [ shift and go to state 33 ]
  ! AND             [ shift and go to state 27 ]
  ! OR              [ shift and go to state 28 ]


state 46

    (15) expression -> expression LESS expression .
    (10) expression -> expression . PLUS expression
    (11) expression -> expression . MINUS expression
    (12) expression -> expression . TIMES expression
    (13) expression -> expression . DIVIDE expression
    (14) expression -> expression . GREATER expression
    (15) expression -> expression . LESS expression
    (16) expression -> expression . GREATEQ expression
    (17) expression -> expression . LESSEQ expression
    (18) expression -> expression . AND expression
    (19) expression -> expression . OR expression

    GREATER         reduce using rule 15 (expression -> expression LESS expression .)
    LESS            reduce using rule 15 (expression -> expression LESS expression .)
    GREATEQ         reduce using rule 15 (expression -> expression LESS expression .)
    LESSEQ          reduce using rule 15 (expression -> expression LESS expression .)
    AND             reduce using rule 15 (expression -> expression LESS expression .)
    OR              reduce using rule 15 (expression -> expression LESS expression .)
    NAME            reduce using rule 15 (expression -> expression LESS expression .)
    CONSTANT        reduce using rule 15 (expression -> expression LESS expression .)
    DEF             reduce using rule 15 (expression -> expression LESS expression .)
    IF              reduce using rule 15 (expression -> expression LESS expression .)
    FOR             reduce using rule 15 (expression -> expression LESS expression .)
    $end            reduce using rule 15 (expression -> expression LESS expression .)
    END             reduce using rule 15 (expression -> expression LESS expression .)
    ELSE            reduce using rule 15 (expression -> expression LESS expression .)
    DO              reduce using rule 15 (expression -> expression LESS expression .)
    PARENR          reduce using rule 15 (expression -> expression LESS expression .)
    PLUS            shift and go to state 34
    MINUS           shift and go to state 35
    TIMES           shift and go to state 32
    DIVIDE          shift and go to state 29

  ! PLUS            [ reduce using rule 15 (expression -> expression LESS expression .) ]
  ! MINUS           [ reduce using rule 15 (expression -> expression LESS expression .) ]
  ! TIMES           [ reduce using rule 15 (expression -> expression LESS expression .) ]
  ! DIVIDE          [ reduce using rule 15 (expression -> expression LESS expression .) ]
  ! GREATER         [ shift and go to state 36 ]
  ! LESS            [ shift and go to state 31 ]
  ! GREATEQ         [ shift and go to state 30 ]
  ! LESSEQ          [ shift and go to state 33 ]
  ! AND             [ shift and go to state 27 ]
  ! OR              [ shift and go to state 28 ]


state 47

    (12) expression -> expression TIMES expression .
    (10) expression -> expression . PLUS expression
    (11) expression -> expression . MINUS expression
    (12) expression -> expression . TIMES expression
    (13) expression -> expression . DIVIDE expression
    (14) expression -> expression . GREATER expression
    (15) expression -> expression . LESS expression
    (16) expression -> expression . GREATEQ expression
    (17) expression -> expression . LESSEQ expression
    (18) expression -> expression . AND expression
    (19) expression -> expression . OR expression

    PLUS            reduce using rule 12 (expression -> expression TIMES expression .)
    MINUS           reduce using rule 12 (expression -> expression TIMES expression .)
    TIMES           reduce using rule 12 (expression -> expression TIMES expression .)
    DIVIDE          reduce using rule 12 (expression -> expression TIMES expression .)
    GREATER         reduce using rule 12 (expression -> expression TIMES expression .)
    LESS            reduce using rule 12 (expression -> expression TIMES expression .)
    GREATEQ         reduce using rule 12 (expression -> expression TIMES expression .)
    LESSEQ          reduce using rule 12 (expression -> expression TIMES expression .)
    AND             reduce using rule 12 (expression -> expression TIMES expression .)
    OR              reduce using rule 12 (expression -> expression TIMES expression .)
    NAME            reduce using rule 12 (expression -> expression TIMES expression .)
    CONSTANT        reduce using rule 12 (expression -> expression TIMES expression .)
    DEF             reduce using rule 12 (expression -> expression TIMES expression .)
    IF              reduce using rule 12 (expression -> expression TIMES expression .)
    FOR             reduce using rule 12 (expression -> expression TIMES expression .)
    $end            reduce using rule 12 (expression -> expression TIMES expression .)
    END             reduce using rule 12 (expression -> expression TIMES expression .)
    ELSE            reduce using rule 12 (expression -> expression TIMES expression .)
    DO              reduce using rule 12 (expression -> expression TIMES expression .)
    PARENR          reduce using rule 12 (expression -> expression TIMES expression .)

  ! PLUS            [ shift and go to state 34 ]
  ! MINUS           [ shift and go to state 35 ]
  ! TIMES           [ shift and go to state 32 ]
  ! DIVIDE          [ shift and go to state 29 ]
  ! GREATER         [ shift and go to state 36 ]
  ! LESS            [ shift and go to state 31 ]
  ! GREATEQ         [ shift and go to state 30 ]
  ! LESSEQ          [ shift and go to state 33 ]
  ! AND             [ shift and go to state 27 ]
  ! OR              [ shift and go to state 28 ]


state 48

    (17) expression -> expression LESSEQ expression .
    (10) expression -> expression . PLUS expression
    (11) expression -> expression . MINUS expression
    (12) expression -> expression . TIMES expression
    (13) expression -> expression . DIVIDE expression
    (14) expression -> expression . GREATER expression
    (15) expression -> expression . LESS expression
    (16) expression -> expression . GREATEQ expression
    (17) expression -> expression . LESSEQ expression
    (18) expression -> expression . AND expression
    (19) expression -> expression . OR expression

    GREATER         reduce using rule 17 (expression -> expression LESSEQ expression .)
    LESS            reduce using rule 17 (expression -> expression LESSEQ expression .)
    GREATEQ         reduce using rule 17 (expression -> expression LESSEQ expression .)
    LESSEQ          reduce using rule 17 (expression -> expression LESSEQ expression .)
    AND             reduce using rule 17 (expression -> expression LESSEQ expression .)
    OR              reduce using rule 17 (expression -> expression LESSEQ expression .)
    NAME            reduce using rule 17 (expression -> expression LESSEQ expression .)
    CONSTANT        reduce using rule 17 (expression -> expression LESSEQ expression .)
    DEF             reduce using rule 17 (expression -> expression LESSEQ expression .)
    IF              reduce using rule 17 (expression -> expression LESSEQ expression .)
    FOR             reduce using rule 17 (expression -> expression LESSEQ expression .)
    $end            reduce using rule 17 (expression -> expression LESSEQ expression .)
    END             reduce using rule 17 (expression -> expression LESSEQ expression .)
    ELSE            reduce using rule 17 (expression -> expression LESSEQ expression .)
    DO              reduce using rule 17 (expression -> expression LESSEQ expression .)
    PARENR          reduce using rule 17 (expression -> expression LESSEQ expression .)
    PLUS            shift and go to state 34
    MINUS           shift and go to state 35
    TIMES           shift and go to state 32
    DIVIDE          shift and go to state 29

  ! PLUS            [ reduce using rule 17 (expression -> expression LESSEQ expression .) ]
  ! MINUS           [ reduce using rule 17 (expression -> expression LESSEQ expression .) ]
  ! TIMES           [ reduce using rule 17 (expression -> expression LESSEQ expression .) ]
  ! DIVIDE          [ reduce using rule 17 (expression -> expression LESSEQ expression .) ]
  ! GREATER         [ shift and go to state 36 ]
  ! LESS            [ shift and go to state 31 ]
  ! GREATEQ         [ shift and go to state 30 ]
  ! LESSEQ          [ shift and go to state 33 ]
  ! AND             [ shift and go to state 27 ]
  ! OR              [ shift and go to state 28 ]


state 49

    (10) expression -> expression PLUS expression .
    (10) expression -> expression . PLUS expression
    (11) expression -> expression . MINUS expression
    (12) expression -> expression . TIMES expression
    (13) expression -> expression . DIVIDE expression
    (14) expression -> expression . GREATER expression
    (15) expression -> expression . LESS expression
    (16) expression -> expression . GREATEQ expression
    (17) expression -> expression . LESSEQ expression
    (18) expression -> expression . AND expression
    (19) expression -> expression . OR expression

    PLUS            reduce using rule 10 (expression -> expression PLUS expression .)
    MINUS           reduce using rule 10 (expression -> expression PLUS expression .)
    GREATER         reduce using rule 10 (expression -> expression PLUS expression .)
    LESS            reduce using rule 10 (expression -> expression PLUS expression .)
    GREATEQ         reduce using rule 10 (expression -> expression PLUS expression .)
    LESSEQ          reduce using rule 10 (expression -> expression PLUS expression .)
    AND             reduce using rule 10 (expression -> expression PLUS expression .)
    OR              reduce using rule 10 (expression -> expression PLUS expression .)
    NAME            reduce using rule 10 (expression -> expression PLUS expression .)
    CONSTANT        reduce using rule 10 (expression -> expression PLUS expression .)
    DEF             reduce using rule 10 (expression -> expression PLUS expression .)
    IF              reduce using rule 10 (expression -> expression PLUS expression .)
    FOR             reduce using rule 10 (expression -> expression PLUS expression .)
    $end            reduce using rule 10 (expression -> expression PLUS expression .)
    END             reduce using rule 10 (expression -> expression PLUS expression .)
    ELSE            reduce using rule 10 (expression -> expression PLUS expression .)
    DO              reduce using rule 10 (expression -> expression PLUS expression .)
    PARENR          reduce using rule 10 (expression -> expression PLUS expression .)
    TIMES           shift and go to state 32
    DIVIDE          shift and go to state 29

  ! TIMES           [ reduce using rule 10 (expression -> expression PLUS expression .) ]
  ! DIVIDE          [ reduce using rule 10 (expression -> expression PLUS expression .) ]
  ! PLUS            [ shift and go to state 34 ]
  ! MINUS           [ shift and go to state 35 ]
  ! GREATER         [ shift and go to state 36 ]
  ! LESS            [ shift and go to state 31 ]
  ! GREATEQ         [ shift and go to state 30 ]
  ! LESSEQ          [ shift and go to state 33 ]
  ! AND             [ shift and go to state 27 ]
  ! OR              [ shift and go to state 28 ]


state 50

    (11) expression -> expression MINUS expression .
    (10) expression -> expression . PLUS expression
    (11) expression -> expression . MINUS expression
    (12) expression -> expression . TIMES expression
    (13) expression -> expression . DIVIDE expression
    (14) expression -> expression . GREATER expression
    (15) expression -> expression . LESS expression
    (16) expression -> expression . GREATEQ expression
    (17) expression -> expression . LESSEQ expression
    (18) expression -> expression . AND expression
    (19) expression -> expression . OR expression

    PLUS            reduce using rule 11 (expression -> expression MINUS expression .)
    MINUS           reduce using rule 11 (expression -> expression MINUS expression .)
    GREATER         reduce using rule 11 (expression -> expression MINUS expression .)
    LESS            reduce using rule 11 (expression -> expression MINUS expression .)
    GREATEQ         reduce using rule 11 (expression -> expression MINUS expression .)
    LESSEQ          reduce using rule 11 (expression -> expression MINUS expression .)
    AND             reduce using rule 11 (expression -> expression MINUS expression .)
    OR              reduce using rule 11 (expression -> expression MINUS expression .)
    NAME            reduce using rule 11 (expression -> expression MINUS expression .)
    CONSTANT        reduce using rule 11 (expression -> expression MINUS expression .)
    DEF             reduce using rule 11 (expression -> expression MINUS expression .)
    IF              reduce using rule 11 (expression -> expression MINUS expression .)
    FOR             reduce using rule 11 (expression -> expression MINUS expression .)
    $end            reduce using rule 11 (expression -> expression MINUS expression .)
    END             reduce using rule 11 (expression -> expression MINUS expression .)
    ELSE            reduce using rule 11 (expression -> expression MINUS expression .)
    DO              reduce using rule 11 (expression -> expression MINUS expression .)
    PARENR          reduce using rule 11 (expression -> expression MINUS expression .)
    TIMES           shift and go to state 32
    DIVIDE          shift and go to state 29

  ! TIMES           [ reduce using rule 11 (expression -> expression MINUS expression .) ]
  ! DIVIDE          [ reduce using rule 11 (expression -> expression MINUS expression .) ]
  ! PLUS            [ shift and go to state 34 ]
  ! MINUS           [ shift and go to state 35 ]
  ! GREATER         [ shift and go to state 36 ]
  ! LESS            [ shift and go to state 31 ]
  ! GREATEQ         [ shift and go to state 30 ]
  ! LESSEQ          [ shift and go to state 33 ]
  ! AND             [ shift and go to state 27 ]
  ! OR              [ shift and go to state 28 ]


state 51

    (14) expression -> expression GREATER expression .
    (10) expression -> expression . PLUS expression
    (11) expression -> expression . MINUS expression
    (12) expression -> expression . TIMES expression
    (13) expression -> expression . DIVIDE expression
    (14) expression -> expression . GREATER expression
    (15) expression -> expression . LESS expression
    (16) expression -> expression . GREATEQ expression
    (17) expression -> expression . LESSEQ expression
    (18) expression -> expression . AND expression
    (19) expression -> expression . OR expression

    GREATER         reduce using rule 14 (expression -> expression GREATER expression .)
    LESS            reduce using rule 14 (expression -> expression GREATER expression .)
    GREATEQ         reduce using rule 14 (expression -> expression GREATER expression .)
    LESSEQ          reduce using rule 14 (expression -> expression GREATER expression .)
    AND             reduce using rule 14 (expression -> expression GREATER expression .)
    OR              reduce using rule 14 (expression -> expression GREATER expression .)
    NAME            reduce using rule 14 (expression -> expression GREATER expression .)
    CONSTANT        reduce using rule 14 (expression -> expression GREATER expression .)
    DEF             reduce using rule 14 (expression -> expression GREATER expression .)
    IF              reduce using rule 14 (expression -> expression GREATER expression .)
    FOR             reduce using rule 14 (expression -> expression GREATER expression .)
    $end            reduce using rule 14 (expression -> expression GREATER expression .)
    END             reduce using rule 14 (expression -> expression GREATER expression .)
    ELSE            reduce using rule 14 (expression -> expression GREATER expression .)
    DO              reduce using rule 14 (expression -> expression GREATER expression .)
    PARENR          reduce using rule 14 (expression -> expression GREATER expression .)
    PLUS            shift and go to state 34
    MINUS           shift and go to state 35
    TIMES           shift and go to state 32
    DIVIDE          shift and go to state 29

  ! PLUS            [ reduce using rule 14 (expression -> expression GREATER expression .) ]
  ! MINUS           [ reduce using rule 14 (expression -> expression GREATER expression .) ]
  ! TIMES           [ reduce using rule 14 (expression -> expression GREATER expression .) ]
  ! DIVIDE          [ reduce using rule 14 (expression -> expression GREATER expression .) ]
  ! GREATER         [ shift and go to state 36 ]
  ! LESS            [ shift and go to state 31 ]
  ! GREATEQ         [ shift and go to state 30 ]
  ! LESSEQ          [ shift and go to state 33 ]
  ! AND             [ shift and go to state 27 ]
  ! OR              [ shift and go to state 28 ]


state 52

    (6) statement -> DEF NAME PARENL NAME . PARENR DO statements END

    PARENR          shift and go to state 55


state 53

    (7) statement -> IF expression DO statements . END
    (8) statement -> IF expression DO statements . ELSE statements END
    (1) statements -> statements . statement
    (4) statement -> . NAME EQUALS expression
    (5) statement -> . CONSTANT expression
    (6) statement -> . DEF NAME PARENL NAME PARENR DO statements END
    (7) statement -> . IF expression DO statements END
    (8) statement -> . IF expression DO statements ELSE statements END
    (9) statement -> . FOR NAME FOREXPR NAME DO statements END

    END             shift and go to state 56
    ELSE            shift and go to state 57
    NAME            shift and go to state 19
    CONSTANT        shift and go to state 1
    DEF             shift and go to state 6
    IF              shift and go to state 9
    FOR             shift and go to state 10

    statement                      shift and go to state 20

state 54

    (9) statement -> FOR NAME FOREXPR NAME . DO statements END

    DO              shift and go to state 58


state 55

    (6) statement -> DEF NAME PARENL NAME PARENR . DO statements END

    DO              shift and go to state 59


state 56

    (7) statement -> IF expression DO statements END .

    END             reduce using rule 7 (statement -> IF expression DO statements END .)
    NAME            reduce using rule 7 (statement -> IF expression DO statements END .)
    CONSTANT        reduce using rule 7 (statement -> IF expression DO statements END .)
    DEF             reduce using rule 7 (statement -> IF expression DO statements END .)
    IF              reduce using rule 7 (statement -> IF expression DO statements END .)
    FOR             reduce using rule 7 (statement -> IF expression DO statements END .)
    $end            reduce using rule 7 (statement -> IF expression DO statements END .)
    ELSE            reduce using rule 7 (statement -> IF expression DO statements END .)


state 57

    (8) statement -> IF expression DO statements ELSE . statements END
    (1) statements -> . statements statement
    (2) statements -> . statement
    (3) statements -> . expression
    (4) statement -> . NAME EQUALS expression
    (5) statement -> . CONSTANT expression
    (6) statement -> . DEF NAME PARENL NAME PARENR DO statements END
    (7) statement -> . IF expression DO statements END
    (8) statement -> . IF expression DO statements ELSE statements END
    (9) statement -> . FOR NAME FOREXPR NAME DO statements END
    (10) expression -> . expression PLUS expression
    (11) expression -> . expression MINUS expression
    (12) expression -> . expression TIMES expression
    (13) expression -> . expression DIVIDE expression
    (14) expression -> . expression GREATER expression
    (15) expression -> . expression LESS expression
    (16) expression -> . expression GREATEQ expression
    (17) expression -> . expression LESSEQ expression
    (18) expression -> . expression AND expression
    (19) expression -> . expression OR expression
    (20) expression -> . MINUS expression
    (21) expression -> . PARENL expression PARENR
    (22) expression -> . INT
    (23) expression -> . DOUBLE
    (24) expression -> . CHAR
    (25) expression -> . TRUE
    (26) expression -> . FALSE
    (27) expression -> . STRING
    (28) expression -> . NAME

    NAME            shift and go to state 13
    CONSTANT        shift and go to state 1
    DEF             shift and go to state 6
    IF              shift and go to state 9
    FOR             shift and go to state 10
    MINUS           shift and go to state 5
    PARENL          shift and go to state 11
    INT             shift and go to state 14
    DOUBLE          shift and go to state 15
    CHAR            shift and go to state 2
    TRUE            shift and go to state 4
    FALSE           shift and go to state 12
    STRING          shift and go to state 7

    statements                     shift and go to state 60
    expression                     shift and go to state 16
    statement                      shift and go to state 8

state 58

    (9) statement -> FOR NAME FOREXPR NAME DO . statements END
    (1) statements -> . statements statement
    (2) statements -> . statement
    (3) statements -> . expression
    (4) statement -> . NAME EQUALS expression
    (5) statement -> . CONSTANT expression
    (6) statement -> . DEF NAME PARENL NAME PARENR DO statements END
    (7) statement -> . IF expression DO statements END
    (8) statement -> . IF expression DO statements ELSE statements END
    (9) statement -> . FOR NAME FOREXPR NAME DO statements END
    (10) expression -> . expression PLUS expression
    (11) expression -> . expression MINUS expression
    (12) expression -> . expression TIMES expression
    (13) expression -> . expression DIVIDE expression
    (14) expression -> . expression GREATER expression
    (15) expression -> . expression LESS expression
    (16) expression -> . expression GREATEQ expression
    (17) expression -> . expression LESSEQ expression
    (18) expression -> . expression AND expression
    (19) expression -> . expression OR expression
    (20) expression -> . MINUS expression
    (21) expression -> . PARENL expression PARENR
    (22) expression -> . INT
    (23) expression -> . DOUBLE
    (24) expression -> . CHAR
    (25) expression -> . TRUE
    (26) expression -> . FALSE
    (27) expression -> . STRING
    (28) expression -> . NAME

    NAME            shift and go to state 13
    CONSTANT        shift and go to state 1
    DEF             shift and go to state 6
    IF              shift and go to state 9
    FOR             shift and go to state 10
    MINUS           shift and go to state 5
    PARENL          shift and go to state 11
    INT             shift and go to state 14
    DOUBLE          shift and go to state 15
    CHAR            shift and go to state 2
    TRUE            shift and go to state 4
    FALSE           shift and go to state 12
    STRING          shift and go to state 7

    expression                     shift and go to state 16
    statements                     shift and go to state 61
    statement                      shift and go to state 8

state 59

    (6) statement -> DEF NAME PARENL NAME PARENR DO . statements END
    (1) statements -> . statements statement
    (2) statements -> . statement
    (3) statements -> . expression
    (4) statement -> . NAME EQUALS expression
    (5) statement -> . CONSTANT expression
    (6) statement -> . DEF NAME PARENL NAME PARENR DO statements END
    (7) statement -> . IF expression DO statements END
    (8) statement -> . IF expression DO statements ELSE statements END
    (9) statement -> . FOR NAME FOREXPR NAME DO statements END
    (10) expression -> . expression PLUS expression
    (11) expression -> . expression MINUS expression
    (12) expression -> . expression TIMES expression
    (13) expression -> . expression DIVIDE expression
    (14) expression -> . expression GREATER expression
    (15) expression -> . expression LESS expression
    (16) expression -> . expression GREATEQ expression
    (17) expression -> . expression LESSEQ expression
    (18) expression -> . expression AND expression
    (19) expression -> . expression OR expression
    (20) expression -> . MINUS expression
    (21) expression -> . PARENL expression PARENR
    (22) expression -> . INT
    (23) expression -> . DOUBLE
    (24) expression -> . CHAR
    (25) expression -> . TRUE
    (26) expression -> . FALSE
    (27) expression -> . STRING
    (28) expression -> . NAME

    NAME            shift and go to state 13
    CONSTANT        shift and go to state 1
    DEF             shift and go to state 6
    IF              shift and go to state 9
    FOR             shift and go to state 10
    MINUS           shift and go to state 5
    PARENL          shift and go to state 11
    INT             shift and go to state 14
    DOUBLE          shift and go to state 15
    CHAR            shift and go to state 2
    TRUE            shift and go to state 4
    FALSE           shift and go to state 12
    STRING          shift and go to state 7

    expression                     shift and go to state 16
    statements                     shift and go to state 62
    statement                      shift and go to state 8

state 60

    (8) statement -> IF expression DO statements ELSE statements . END
    (1) statements -> statements . statement
    (4) statement -> . NAME EQUALS expression
    (5) statement -> . CONSTANT expression
    (6) statement -> . DEF NAME PARENL NAME PARENR DO statements END
    (7) statement -> . IF expression DO statements END
    (8) statement -> . IF expression DO statements ELSE statements END
    (9) statement -> . FOR NAME FOREXPR NAME DO statements END

    END             shift and go to state 63
    NAME            shift and go to state 19
    CONSTANT        shift and go to state 1
    DEF             shift and go to state 6
    IF              shift and go to state 9
    FOR             shift and go to state 10

    statement                      shift and go to state 20

state 61

    (9) statement -> FOR NAME FOREXPR NAME DO statements . END
    (1) statements -> statements . statement
    (4) statement -> . NAME EQUALS expression
    (5) statement -> . CONSTANT expression
    (6) statement -> . DEF NAME PARENL NAME PARENR DO statements END
    (7) statement -> . IF expression DO statements END
    (8) statement -> . IF expression DO statements ELSE statements END
    (9) statement -> . FOR NAME FOREXPR NAME DO statements END

    END             shift and go to state 64
    NAME            shift and go to state 19
    CONSTANT        shift and go to state 1
    DEF             shift and go to state 6
    IF              shift and go to state 9
    FOR             shift and go to state 10

    statement                      shift and go to state 20

state 62

    (6) statement -> DEF NAME PARENL NAME PARENR DO statements . END
    (1) statements -> statements . statement
    (4) statement -> . NAME EQUALS expression
    (5) statement -> . CONSTANT expression
    (6) statement -> . DEF NAME PARENL NAME PARENR DO statements END
    (7) statement -> . IF expression DO statements END
    (8) statement -> . IF expression DO statements ELSE statements END
    (9) statement -> . FOR NAME FOREXPR NAME DO statements END

    END             shift and go to state 65
    NAME            shift and go to state 19
    CONSTANT        shift and go to state 1
    DEF             shift and go to state 6
    IF              shift and go to state 9
    FOR             shift and go to state 10

    statement                      shift and go to state 20

state 63

    (8) statement -> IF expression DO statements ELSE statements END .

    END             reduce using rule 8 (statement -> IF expression DO statements ELSE statements END .)
    NAME            reduce using rule 8 (statement -> IF expression DO statements ELSE statements END .)
    CONSTANT        reduce using rule 8 (statement -> IF expression DO statements ELSE statements END .)
    DEF             reduce using rule 8 (statement -> IF expression DO statements ELSE statements END .)
    IF              reduce using rule 8 (statement -> IF expression DO statements ELSE statements END .)
    FOR             reduce using rule 8 (statement -> IF expression DO statements ELSE statements END .)
    $end            reduce using rule 8 (statement -> IF expression DO statements ELSE statements END .)
    ELSE            reduce using rule 8 (statement -> IF expression DO statements ELSE statements END .)


state 64

    (9) statement -> FOR NAME FOREXPR NAME DO statements END .

    END             reduce using rule 9 (statement -> FOR NAME FOREXPR NAME DO statements END .)
    NAME            reduce using rule 9 (statement -> FOR NAME FOREXPR NAME DO statements END .)
    CONSTANT        reduce using rule 9 (statement -> FOR NAME FOREXPR NAME DO statements END .)
    DEF             reduce using rule 9 (statement -> FOR NAME FOREXPR NAME DO statements END .)
    IF              reduce using rule 9 (statement -> FOR NAME FOREXPR NAME DO statements END .)
    FOR             reduce using rule 9 (statement -> FOR NAME FOREXPR NAME DO statements END .)
    $end            reduce using rule 9 (statement -> FOR NAME FOREXPR NAME DO statements END .)
    ELSE            reduce using rule 9 (statement -> FOR NAME FOREXPR NAME DO statements END .)


state 65

    (6) statement -> DEF NAME PARENL NAME PARENR DO statements END .

    END             reduce using rule 6 (statement -> DEF NAME PARENL NAME PARENR DO statements END .)
    NAME            reduce using rule 6 (statement -> DEF NAME PARENL NAME PARENR DO statements END .)
    CONSTANT        reduce using rule 6 (statement -> DEF NAME PARENL NAME PARENR DO statements END .)
    DEF             reduce using rule 6 (statement -> DEF NAME PARENL NAME PARENR DO statements END .)
    IF              reduce using rule 6 (statement -> DEF NAME PARENL NAME PARENR DO statements END .)
    FOR             reduce using rule 6 (statement -> DEF NAME PARENL NAME PARENR DO statements END .)
    $end            reduce using rule 6 (statement -> DEF NAME PARENL NAME PARENR DO statements END .)
    ELSE            reduce using rule 6 (statement -> DEF NAME PARENL NAME PARENR DO statements END .)

